<?xml version="1.0" encoding="UTF-8"?>
<!-- Generated by org.testng.reporters.JUnitReportReporter -->
<testsuite skipped="0" hostname="Mahesh-PC" name="com.stc.SepE2E20_Z1.LaunchBrowser" tests="1" failures="0" timestamp="01 Sep 2020 07:05:54 GMT" time="11.927" errors="0">
  <testcase name="f" time="11.927" classname="com.stc.SepE2E20_Z1.LaunchBrowser"/>
</testsuite> <!-- com.stc.SepE2E20_Z1.LaunchBrowser -->
